============================= test session starts =============================
platform win32 -- Python 3.13.9, pytest-9.0.2, pluggy-1.6.0 -- C:\software\DataLogicEngine\.venv\Scripts\python.exe
cachedir: .pytest_cache
rootdir: c:\software\DataLogicEngine\sdk\UKG_Python_SDK
configfile: empty_pytest.ini
plugins: anyio-4.12.1, Faker-40.1.2, asyncio-1.3.0
asyncio: mode=Mode.STRICT, debug=False, asyncio_default_fixture_loop_scope=None, asyncio_default_test_loop_scope=function
collecting ... collected 2 items

sdk\UKG_Python_SDK\tests\test_minimal.py::test_simple PASSED             [ 50%]
sdk\UKG_Python_SDK\tests\test_minimal.py::test_import_ukg_sdk FAILED     [100%]

================================== FAILURES ===================================
_____________________________ test_import_ukg_sdk _____________________________

    def test_import_ukg_sdk():
>       import ukg_sdk

sdk\UKG_Python_SDK\tests\test_minimal.py:5: 
_ _ _ _ _ _ _ _ _ _ _ _ _ _ _ _ _ _ _ _ _ _ _ _ _ _ _ _ _ _ _ _ _ _ _ _ _ _ _ _
sdk\UKG_Python_SDK\ukg_sdk\__init__.py:15: in <module>
    from .api_client import UKGClient, UKGAsyncClient, BaseClient
_ _ _ _ _ _ _ _ _ _ _ _ _ _ _ _ _ _ _ _ _ _ _ _ _ _ _ _ _ _ _ _ _ _ _ _ _ _ _ _

    """
    UKG API Client - Sync and Async implementations.
    """
    
    from __future__ import annotations
    
    import time
    from typing import Any, Optional, TypeVar, Generic
    from urllib.parse import urljoin
    
    import httpx
    
>   from ukg_sdk.exceptions import (
        AuthenticationError,
        AuthorizationError,
        NotFoundError,
        RateLimitError,
        ServerError,
        UKGError,
        ValidationError,
    )
E   ImportError: cannot import name 'AuthenticationError' from 'ukg_sdk.exceptions' (c:\software\DataLogicEngine\sdk\UKG_Python_SDK\ukg_sdk\exceptions.py)

sdk\UKG_Python_SDK\ukg_sdk\api_client.py:13: ImportError
=========================== short test summary info ===========================
FAILED sdk\UKG_Python_SDK\tests\test_minimal.py::test_import_ukg_sdk - ImportError: cannot import name 'AuthenticationError' from 'ukg_sdk.exceptions' (c:\software\DataLogicEngine\sdk\UKG_Python_SDK\ukg_sdk\exceptions.py)
========================= 1 failed, 1 passed in 0.23s =========================
